<?xml version="1.0" encoding="UTF-8"?>
<!-- Generated by org.testng.reporters.JUnitReportReporter -->
<testsuite skipped="0" hostname="caretaker-iteam" name="com.websystique.springmvc.controller.AppControllerTest" tests="10" failures="0" timestamp="20 Ιουν 2017 07:51:43 GMT" time="0.051" errors="0">
  <testcase name="updateUserWithValidationErrorNonUniqueSSN" time="0.001" classname="com.websystique.springmvc.controller.AppControllerTest"/>
  <testcase name="deleteUser" time="0.019" classname="com.websystique.springmvc.controller.AppControllerTest"/>
  <testcase name="updateUserWithValidationError" time="0.002" classname="com.websystique.springmvc.controller.AppControllerTest"/>
  <testcase name="editUser" time="0.008" classname="com.websystique.springmvc.controller.AppControllerTest"/>
  <testcase name="listUsers" time="0.003" classname="com.websystique.springmvc.controller.AppControllerTest"/>
  <testcase name="saveUserWithSuccess" time="0.004" classname="com.websystique.springmvc.controller.AppControllerTest"/>
  <testcase name="updateUserWithSuccess" time="0.003" classname="com.websystique.springmvc.controller.AppControllerTest"/>
  <testcase name="newUser" time="0.002" classname="com.websystique.springmvc.controller.AppControllerTest"/>
  <testcase name="saveUserWithValidationError" time="0.006" classname="com.websystique.springmvc.controller.AppControllerTest"/>
  <testcase name="saveUserWithValidationErrorNonUniqueSSN" time="0.003" classname="com.websystique.springmvc.controller.AppControllerTest"/>
</testsuite> <!-- com.websystique.springmvc.controller.AppControllerTest -->
