<?xml version="1.0" encoding="UTF-8"?>
<!-- Generated by org.testng.reporters.JUnitReportReporter -->
<testsuite skipped="0" hostname="caretaker-iteam" name="com.websystique.springmvc.service.UserServiceImplTest" tests="6" failures="0" timestamp="20 Ιουν 2017 08:34:49 GMT" time="0.067" errors="0">
  <testcase name="updateEmployee" time="0.003" classname="com.websystique.springmvc.service.UserServiceImplTest"/>
  <testcase name="deleteUserBySsn" time="0.049" classname="com.websystique.springmvc.service.UserServiceImplTest"/>
  <testcase name="isEmployeeSsnUnique" time="0.003" classname="com.websystique.springmvc.service.UserServiceImplTest"/>
  <testcase name="findUserBySso" time="0.002" classname="com.websystique.springmvc.service.UserServiceImplTest"/>
  <testcase name="findAllUsers" time="0.008" classname="com.websystique.springmvc.service.UserServiceImplTest"/>
  <testcase name="findById" time="0.002" classname="com.websystique.springmvc.service.UserServiceImplTest"/>
</testsuite> <!-- com.websystique.springmvc.service.UserServiceImplTest -->
